2026-06-06 22:18:11,047 [account_3] Preparing to launch...
2026-06-06 22:18:11,246 [account_3] Created isolated session profile.
2026-06-06 22:18:11,247 [account_3] Loading extension from: C:\Users\HP\Downloads\BOT Py\fewfeedbotv6\fewfeedv2
2026-06-06 22:18:14,730 [account_3] Browser launched successfully.
2026-06-06 22:18:22,183 [account_3] Cookies injected (14 entries). Navigating to Facebook Settings...
2026-06-06 22:18:52,199 [account_3] Login may have failed; current URL: https://web.facebook.com/login/?next=https%3A%2F%2Fwww.facebook.com%2Findex.php%3Fnext%3Dhttps%253A%252F%252Fwww.facebook.com%252Fsettings%26deoia%3D1%26no_universal_links%3D1&_rdc=5&_rdr#
2026-06-06 22:18:52,199 [account_3] Verifying Facebook login before starting tool...
2026-06-06 22:19:06,036 [account_3] [Sheet] Keys available: ['1_cookies.json', '2_cookies.json', '3_cookies.json', '4_cookies.json', '5_cookies.json']...
2026-06-06 22:19:06,037 [account_3] [Sheet] Saved 12 cookies to 3_cookies.json
2026-06-06 22:19:20,932 [account_3] Login restored during pre-check.
2026-06-06 22:19:20,932 [account_3] Opening FewFeed tool page directly (web mode)...
2026-06-07 16:06:51,549 [account_3] Preparing to launch...
2026-06-07 16:06:52,657 [account_3] Created isolated session profile.
2026-06-07 16:06:52,658 [account_3] Loading extension from: C:\Users\HP\Downloads\Bot Py\fewfeedbotv6\fewfeedv2
2026-06-07 16:07:03,215 [account_3] An error occurred: 'str' object has no attribute 'fileno'
2026-06-07 16:20:51,781 [account_3] Preparing to launch...
2026-06-07 16:20:51,941 [account_3] Created isolated session profile.
2026-06-07 16:20:51,941 [account_3] Loading extension from: C:\Users\HP\Downloads\Bot Py\fewfeedbotv6\fewfeedv2
2026-06-07 16:21:02,146 [account_3] An error occurred: 'str' object has no attribute 'fileno'
2026-06-07 16:36:50,573 [account_3] Preparing to launch...
2026-06-07 16:36:50,755 [account_3] Created isolated session profile.
2026-06-07 16:36:50,755 [account_3] Loading extension from: C:\Users\HP\Downloads\Bot Py\fewfeedbotv6\fewfeedv2
2026-06-07 16:37:00,192 [account_3] An error occurred: 'str' object has no attribute 'fileno'
